[2025-05-22 T 16:40:08.008 Z] [main] INFO  [org.springframework.boot.StartupInfoLogger : 55] - Starting CentralizedLoggerServiceApplication v0.0.1-SNAPSHOT using Java 18.0.1.1 on SRV034STOXBOXV2 with PID 19628 (D:\PRD\centralizedlogger_PRD\centralizedlogger-0.0.1-SNAPSHOT.jar started by tech.team in D:\PRD\centralizedlogger_PRD)
[2025-05-22 T 16:40:08.008 Z] [main] INFO  [org.springframework.boot.SpringApplication : 634] - No active profile set, falling back to 1 default profile: "default"
[2025-05-22 T 16:40:09.009 Z] [main] INFO  [org.springframework.cloud.context.scope.GenericScope : 283] - BeanFactory id=be6d551c-fb2f-32d6-bb3b-ae63ec051a91
[2025-05-22 T 16:40:09.009 Z] [main] INFO  [org.springframework.context.support.PostProcessorRegistrationDelegate$BeanPostProcessorChecker : 376] - Bean 'org.springframework.cloud.client.loadbalancer.reactive.LoadBalancerBeanPostProcessorAutoConfiguration' of type [org.springframework.cloud.client.loadbalancer.reactive.LoadBalancerBeanPostProcessorAutoConfiguration] is not eligible for getting processed by all BeanPostProcessors (for example: not eligible for auto-proxying)
[2025-05-22 T 16:40:09.009 Z] [main] INFO  [org.springframework.context.support.PostProcessorRegistrationDelegate$BeanPostProcessorChecker : 376] - Bean 'org.springframework.cloud.client.loadbalancer.reactive.LoadBalancerBeanPostProcessorAutoConfiguration$ReactorDeferringLoadBalancerFilterConfig' of type [org.springframework.cloud.client.loadbalancer.reactive.LoadBalancerBeanPostProcessorAutoConfiguration$ReactorDeferringLoadBalancerFilterConfig] is not eligible for getting processed by all BeanPostProcessors (for example: not eligible for auto-proxying)
[2025-05-22 T 16:40:09.009 Z] [main] INFO  [org.springframework.context.support.PostProcessorRegistrationDelegate$BeanPostProcessorChecker : 376] - Bean 'reactorDeferringLoadBalancerExchangeFilterFunction' of type [org.springframework.cloud.client.loadbalancer.reactive.DeferringLoadBalancerExchangeFilterFunction] is not eligible for getting processed by all BeanPostProcessors (for example: not eligible for auto-proxying)
[2025-05-22 T 16:40:09.009 Z] [main] INFO  [org.springframework.boot.actuate.endpoint.web.EndpointLinksResolver : 58] - Exposing 1 endpoint(s) beneath base path '/actuator'
[2025-05-22 T 16:40:10.010 Z] [main] INFO  [org.springframework.cloud.netflix.eureka.config.DiscoveryClientOptionalArgsConfiguration : 71] - Eureka HTTP Client uses RestTemplate.
[2025-05-22 T 16:40:10.010 Z] [main] WARN  [org.springframework.cloud.loadbalancer.config.LoadBalancerCacheAutoConfiguration$LoadBalancerCaffeineWarnLogger : 83] - Spring Cloud LoadBalancer is currently working with the default cache. While this cache implementation is useful for development and tests, it's recommended to use Caffeine cache in production.You can switch to using Caffeine cache, by adding it and org.springframework.cache.caffeine.CaffeineCacheManager to the classpath.
[2025-05-22 T 16:40:10.010 Z] [main] INFO  [org.springframework.cloud.netflix.eureka.InstanceInfoFactory : 67] - Setting initial instance status as: STARTING
[2025-05-22 T 16:40:10.010 Z] [main] INFO  [com.netflix.discovery.DiscoveryClient : 372] - Initializing Eureka in region us-east-1
[2025-05-22 T 16:40:10.010 Z] [main] INFO  [com.netflix.discovery.shared.resolver.aws.ConfigClusterResolver : 43] - Resolving eureka endpoints via configuration
[2025-05-22 T 16:40:10.010 Z] [main] INFO  [com.netflix.discovery.DiscoveryClient : 1007] - Disable delta property : false
[2025-05-22 T 16:40:10.010 Z] [main] INFO  [com.netflix.discovery.DiscoveryClient : 1008] - Single vip registry refresh property : null
[2025-05-22 T 16:40:10.010 Z] [main] INFO  [com.netflix.discovery.DiscoveryClient : 1009] - Force full registry fetch : false
[2025-05-22 T 16:40:10.010 Z] [main] INFO  [com.netflix.discovery.DiscoveryClient : 1010] - Application is null : false
[2025-05-22 T 16:40:10.010 Z] [main] INFO  [com.netflix.discovery.DiscoveryClient : 1011] - Registered Applications size is zero : true
[2025-05-22 T 16:40:10.010 Z] [main] INFO  [com.netflix.discovery.DiscoveryClient : 1013] - Application version is -1: true
[2025-05-22 T 16:40:10.010 Z] [main] INFO  [com.netflix.discovery.DiscoveryClient : 1097] - Getting all instance registry info from the eureka server
[2025-05-22 T 16:40:11.011 Z] [main] INFO  [com.netflix.discovery.DiscoveryClient : 1106] - The response status is 200
[2025-05-22 T 16:40:11.011 Z] [main] INFO  [com.netflix.discovery.DiscoveryClient : 1321] - Starting heartbeat executor: renew interval is: 30
[2025-05-22 T 16:40:11.011 Z] [main] INFO  [com.netflix.discovery.InstanceInfoReplicator : 60] - InstanceInfoReplicator onDemand update allowed rate per min is 4
[2025-05-22 T 16:40:11.011 Z] [main] INFO  [com.netflix.discovery.DiscoveryClient : 492] - Discovery Client initialized at timestamp 1747912211152 with initial instances count: 10
[2025-05-22 T 16:40:11.011 Z] [main] INFO  [org.springframework.cloud.netflix.eureka.serviceregistry.EurekaServiceRegistry : 41] - Registering application CENTRALIZED-LOGGER-PRD with eureka with status UP
[2025-05-22 T 16:40:11.011 Z] [main] INFO  [com.netflix.discovery.DiscoveryClient$3 : 1352] - Saw local status change event StatusChangeEvent [timestamp=1747912211155, current=UP, previous=STARTING]
[2025-05-22 T 16:40:11.011 Z] [DiscoveryClient-InstanceInfoReplicator-0] INFO  [com.netflix.discovery.DiscoveryClient : 873] - DiscoveryClient_CENTRALIZED-LOGGER-PRD/SRV034STOXBOXV2.bpwealthad.com:centralized-logger-prd:9104: registering service...
[2025-05-22 T 16:40:11.011 Z] [DiscoveryClient-InstanceInfoReplicator-0] INFO  [com.netflix.discovery.DiscoveryClient : 882] - DiscoveryClient_CENTRALIZED-LOGGER-PRD/SRV034STOXBOXV2.bpwealthad.com:centralized-logger-prd:9104 - registration status: 204
[2025-05-22 T 16:40:11.011 Z] [main] INFO  [org.springframework.boot.web.embedded.netty.NettyWebServer : 111] - Netty started on port 9104
[2025-05-22 T 16:40:11.011 Z] [main] INFO  [org.springframework.cloud.netflix.eureka.serviceregistry.EurekaAutoServiceRegistration : 144] - Updating port to 9104
[2025-05-22 T 16:40:11.011 Z] [main] INFO  [org.springframework.boot.StartupInfoLogger : 61] - Started CentralizedLoggerServiceApplication in 3.713 seconds (JVM running for 4.396)
[2025-05-22 T 16:45:10.010 Z] [AsyncResolver-bootstrap-executor-0] INFO  [com.netflix.discovery.shared.resolver.aws.ConfigClusterResolver : 43] - Resolving eureka endpoints via configuration
[2025-05-22 T 16:50:10.010 Z] [AsyncResolver-bootstrap-executor-0] INFO  [com.netflix.discovery.shared.resolver.aws.ConfigClusterResolver : 43] - Resolving eureka endpoints via configuration
[2025-05-22 T 16:55:10.010 Z] [AsyncResolver-bootstrap-executor-0] INFO  [com.netflix.discovery.shared.resolver.aws.ConfigClusterResolver : 43] - Resolving eureka endpoints via configuration
[2025-05-22 T 16:57:11.011 Z] [scheduling-1] INFO  [com.bpwealth.centralizedlogger.service.StoxboxAILoggerService : 66] - 
{"service":"STOXBOXAI_SERVER","statuscode":0,"accesstoken":"","authenticationtoken":"","inputdata":"{\"inputKeyword\":\"Ekyc\",\"taskName\":\"kycflow\"}","timetaken":0,"ucc-mobile":"WIN7781|9699491548"}
[2025-05-22 T 16:58:11.011 Z] [scheduling-1] INFO  [com.bpwealth.centralizedlogger.service.StoxboxAILoggerService : 60] - 
{"service":"STOXBOXAI_SERVER","statuscode":0,"accesstoken":"","authenticationtoken":"","inputdata":"{\"inputKeyword\":\"Rekyc\",\"taskName\":\"rekyc\"}","timetaken":0,"ucc-mobile":"WIN7781|9699491548"}
[2025-05-22 T 17:00:10.010 Z] [AsyncResolver-bootstrap-executor-0] INFO  [com.netflix.discovery.shared.resolver.aws.ConfigClusterResolver : 43] - Resolving eureka endpoints via configuration
[2025-05-22 T 17:05:10.010 Z] [AsyncResolver-bootstrap-executor-0] INFO  [com.netflix.discovery.shared.resolver.aws.ConfigClusterResolver : 43] - Resolving eureka endpoints via configuration
[2025-05-22 T 17:10:10.010 Z] [AsyncResolver-bootstrap-executor-0] INFO  [com.netflix.discovery.shared.resolver.aws.ConfigClusterResolver : 43] - Resolving eureka endpoints via configuration
[2025-05-22 T 17:15:10.010 Z] [AsyncResolver-bootstrap-executor-0] INFO  [com.netflix.discovery.shared.resolver.aws.ConfigClusterResolver : 43] - Resolving eureka endpoints via configuration
[2025-05-22 T 17:20:10.010 Z] [AsyncResolver-bootstrap-executor-0] INFO  [com.netflix.discovery.shared.resolver.aws.ConfigClusterResolver : 43] - Resolving eureka endpoints via configuration
[2025-05-22 T 17:25:10.010 Z] [AsyncResolver-bootstrap-executor-0] INFO  [com.netflix.discovery.shared.resolver.aws.ConfigClusterResolver : 43] - Resolving eureka endpoints via configuration
[2025-05-22 T 17:30:10.010 Z] [AsyncResolver-bootstrap-executor-0] INFO  [com.netflix.discovery.shared.resolver.aws.ConfigClusterResolver : 43] - Resolving eureka endpoints via configuration
[2025-05-22 T 17:35:10.010 Z] [AsyncResolver-bootstrap-executor-0] INFO  [com.netflix.discovery.shared.resolver.aws.ConfigClusterResolver : 43] - Resolving eureka endpoints via configuration
[2025-05-22 T 17:40:10.010 Z] [AsyncResolver-bootstrap-executor-0] INFO  [com.netflix.discovery.shared.resolver.aws.ConfigClusterResolver : 43] - Resolving eureka endpoints via configuration
[2025-05-22 T 17:41:11.011 Z] [scheduling-1] INFO  [com.bpwealth.centralizedlogger.service.StoxboxAILoggerService : 66] - 
{"service":"STOXBOXAI_SERVER","statuscode":0,"accesstoken":"","authenticationtoken":"","inputdata":"{\"inputKeyword\":\"hi\",\"taskName\":\"welcome\"}","timetaken":0,"ucc-mobile":"WIN7781|9699491548"}
[2025-05-22 T 17:45:10.010 Z] [AsyncResolver-bootstrap-executor-0] INFO  [com.netflix.discovery.shared.resolver.aws.ConfigClusterResolver : 43] - Resolving eureka endpoints via configuration
[2025-05-22 T 17:50:10.010 Z] [AsyncResolver-bootstrap-executor-0] INFO  [com.netflix.discovery.shared.resolver.aws.ConfigClusterResolver : 43] - Resolving eureka endpoints via configuration
[2025-05-22 T 17:55:10.010 Z] [AsyncResolver-bootstrap-executor-0] INFO  [com.netflix.discovery.shared.resolver.aws.ConfigClusterResolver : 43] - Resolving eureka endpoints via configuration
[2025-05-22 T 18:00:10.010 Z] [AsyncResolver-bootstrap-executor-0] INFO  [com.netflix.discovery.shared.resolver.aws.ConfigClusterResolver : 43] - Resolving eureka endpoints via configuration
[2025-05-22 T 18:05:10.010 Z] [AsyncResolver-bootstrap-executor-0] INFO  [com.netflix.discovery.shared.resolver.aws.ConfigClusterResolver : 43] - Resolving eureka endpoints via configuration
[2025-05-22 T 18:10:10.010 Z] [AsyncResolver-bootstrap-executor-0] INFO  [com.netflix.discovery.shared.resolver.aws.ConfigClusterResolver : 43] - Resolving eureka endpoints via configuration
[2025-05-22 T 18:15:10.010 Z] [AsyncResolver-bootstrap-executor-0] INFO  [com.netflix.discovery.shared.resolver.aws.ConfigClusterResolver : 43] - Resolving eureka endpoints via configuration
[2025-05-22 T 18:20:10.010 Z] [AsyncResolver-bootstrap-executor-0] INFO  [com.netflix.discovery.shared.resolver.aws.ConfigClusterResolver : 43] - Resolving eureka endpoints via configuration
[2025-05-22 T 18:25:10.010 Z] [AsyncResolver-bootstrap-executor-0] INFO  [com.netflix.discovery.shared.resolver.aws.ConfigClusterResolver : 43] - Resolving eureka endpoints via configuration
[2025-05-22 T 18:30:10.010 Z] [AsyncResolver-bootstrap-executor-0] INFO  [com.netflix.discovery.shared.resolver.aws.ConfigClusterResolver : 43] - Resolving eureka endpoints via configuration
[2025-05-22 T 18:33:36.036 Z] [reactor-http-nio-4] WARN  [reactor.util.Loggers$Slf4JLogger : 295] - [8f146c8b, L:/192.168.250.53:9104 - R:/45.227.254.156:65037] Decoding failed: DefaultFullHttpRequest(decodeResult: failure(java.lang.IllegalArgumentException: text is empty (possibly HTTP/0.9)), version: HTTP/1.0, content: UnpooledByteBufAllocator$InstrumentedUnpooledUnsafeHeapByteBuf(ridx: 0, widx: 0, cap: 0))
GET /bad-request HTTP/1.0 : 
java.lang.IllegalArgumentException: text is empty (possibly HTTP/0.9)
	at io.netty.handler.codec.http.HttpVersion.valueOf(HttpVersion.java:65)
	at io.netty.handler.codec.http.HttpRequestDecoder.createMessage(HttpRequestDecoder.java:124)
	at io.netty.handler.codec.http.HttpObjectDecoder.decode(HttpObjectDecoder.java:273)
	at io.netty.handler.codec.http.HttpServerCodec$HttpServerRequestDecoder.decode(HttpServerCodec.java:140)
	at io.netty.handler.codec.ByteToMessageDecoder.decodeRemovalReentryProtection(ByteToMessageDecoder.java:510)
	at io.netty.handler.codec.ByteToMessageDecoder.callDecode(ByteToMessageDecoder.java:449)
	at io.netty.handler.codec.ByteToMessageDecoder.channelRead(ByteToMessageDecoder.java:279)
	at io.netty.channel.CombinedChannelDuplexHandler.channelRead(CombinedChannelDuplexHandler.java:251)
	at io.netty.channel.AbstractChannelHandlerContext.invokeChannelRead(AbstractChannelHandlerContext.java:379)
	at io.netty.channel.AbstractChannelHandlerContext.invokeChannelRead(AbstractChannelHandlerContext.java:365)
	at io.netty.channel.AbstractChannelHandlerContext.fireChannelRead(AbstractChannelHandlerContext.java:357)
	at io.netty.channel.DefaultChannelPipeline$HeadContext.channelRead(DefaultChannelPipeline.java:1410)
	at io.netty.channel.AbstractChannelHandlerContext.invokeChannelRead(AbstractChannelHandlerContext.java:379)
	at io.netty.channel.AbstractChannelHandlerContext.invokeChannelRead(AbstractChannelHandlerContext.java:365)
	at io.netty.channel.DefaultChannelPipeline.fireChannelRead(DefaultChannelPipeline.java:919)
	at io.netty.channel.nio.AbstractNioByteChannel$NioByteUnsafe.read(AbstractNioByteChannel.java:166)
	at io.netty.channel.nio.NioEventLoop.processSelectedKey(NioEventLoop.java:722)
	at io.netty.channel.nio.NioEventLoop.processSelectedKeysOptimized(NioEventLoop.java:658)
	at io.netty.channel.nio.NioEventLoop.processSelectedKeys(NioEventLoop.java:584)
	at io.netty.channel.nio.NioEventLoop.run(NioEventLoop.java:496)
	at io.netty.util.concurrent.SingleThreadEventExecutor$4.run(SingleThreadEventExecutor.java:997)
	at io.netty.util.internal.ThreadExecutorMap$2.run(ThreadExecutorMap.java:74)
	at io.netty.util.concurrent.FastThreadLocalRunnable.run(FastThreadLocalRunnable.java:30)
	at java.base/java.lang.Thread.run(Thread.java:833)
[2025-05-22 T 18:35:10.010 Z] [AsyncResolver-bootstrap-executor-0] INFO  [com.netflix.discovery.shared.resolver.aws.ConfigClusterResolver : 43] - Resolving eureka endpoints via configuration
[2025-05-22 T 18:40:10.010 Z] [AsyncResolver-bootstrap-executor-0] INFO  [com.netflix.discovery.shared.resolver.aws.ConfigClusterResolver : 43] - Resolving eureka endpoints via configuration
[2025-05-22 T 18:45:10.010 Z] [AsyncResolver-bootstrap-executor-0] INFO  [com.netflix.discovery.shared.resolver.aws.ConfigClusterResolver : 43] - Resolving eureka endpoints via configuration
[2025-05-22 T 18:50:10.010 Z] [AsyncResolver-bootstrap-executor-0] INFO  [com.netflix.discovery.shared.resolver.aws.ConfigClusterResolver : 43] - Resolving eureka endpoints via configuration
[2025-05-22 T 18:55:10.010 Z] [AsyncResolver-bootstrap-executor-0] INFO  [com.netflix.discovery.shared.resolver.aws.ConfigClusterResolver : 43] - Resolving eureka endpoints via configuration
[2025-05-22 T 19:00:10.010 Z] [AsyncResolver-bootstrap-executor-0] INFO  [com.netflix.discovery.shared.resolver.aws.ConfigClusterResolver : 43] - Resolving eureka endpoints via configuration
[2025-05-22 T 19:05:10.010 Z] [AsyncResolver-bootstrap-executor-0] INFO  [com.netflix.discovery.shared.resolver.aws.ConfigClusterResolver : 43] - Resolving eureka endpoints via configuration
[2025-05-22 T 19:10:10.010 Z] [AsyncResolver-bootstrap-executor-0] INFO  [com.netflix.discovery.shared.resolver.aws.ConfigClusterResolver : 43] - Resolving eureka endpoints via configuration
[2025-05-22 T 19:15:10.010 Z] [AsyncResolver-bootstrap-executor-0] INFO  [com.netflix.discovery.shared.resolver.aws.ConfigClusterResolver : 43] - Resolving eureka endpoints via configuration
[2025-05-22 T 19:20:10.010 Z] [AsyncResolver-bootstrap-executor-0] INFO  [com.netflix.discovery.shared.resolver.aws.ConfigClusterResolver : 43] - Resolving eureka endpoints via configuration
[2025-05-22 T 19:25:10.010 Z] [AsyncResolver-bootstrap-executor-0] INFO  [com.netflix.discovery.shared.resolver.aws.ConfigClusterResolver : 43] - Resolving eureka endpoints via configuration
[2025-05-22 T 19:30:10.010 Z] [AsyncResolver-bootstrap-executor-0] INFO  [com.netflix.discovery.shared.resolver.aws.ConfigClusterResolver : 43] - Resolving eureka endpoints via configuration
[2025-05-22 T 19:35:10.010 Z] [AsyncResolver-bootstrap-executor-0] INFO  [com.netflix.discovery.shared.resolver.aws.ConfigClusterResolver : 43] - Resolving eureka endpoints via configuration
[2025-05-22 T 19:35:11.011 Z] [scheduling-1] INFO  [com.bpwealth.centralizedlogger.service.StoxboxAILoggerService : 66] - 
{"service":"STOXBOXAI_SERVER","statuscode":0,"accesstoken":"","authenticationtoken":"","inputdata":"{\"inputKeyword\":\"Hi\",\"taskName\":\"welcome\"}","timetaken":0,"ucc-mobile":"WIN10779|9828367770"}
[2025-05-22 T 19:36:11.011 Z] [scheduling-1] INFO  [com.bpwealth.centralizedlogger.service.StoxboxAILoggerService : 60] - 
{"service":"STOXBOXAI_SERVER","statuscode":50000,"accesstoken":"","authenticationtoken":"","inputdata":"{\"inputKeyword\":\"portfolio\",\"taskName\":\"holdings\"}","timetaken":161,"ucc-mobile":"WIN10779|9828367770"}
{"service":"STOXBOXAI_SERVER","statuscode":-49999,"accesstoken":"","authenticationtoken":"","inputdata":"{\"inputKeyword\":\"portfolio\",\"taskName\":\"positions\"}","timetaken":172,"ucc-mobile":"WIN10779|9828367770"}
{"service":"STOXBOXAI_SERVER","statuscode":-49997,"accesstoken":"","authenticationtoken":"","inputdata":"{\"inputKeyword\":\"portfolio\",\"taskName\":\"holdingspnlsector\"}","timetaken":172,"ucc-mobile":"WIN10779|9828367770"}
[2025-05-22 T 19:40:10.010 Z] [AsyncResolver-bootstrap-executor-0] INFO  [com.netflix.discovery.shared.resolver.aws.ConfigClusterResolver : 43] - Resolving eureka endpoints via configuration
[2025-05-22 T 19:45:10.010 Z] [AsyncResolver-bootstrap-executor-0] INFO  [com.netflix.discovery.shared.resolver.aws.ConfigClusterResolver : 43] - Resolving eureka endpoints via configuration
[2025-05-22 T 19:50:10.010 Z] [AsyncResolver-bootstrap-executor-0] INFO  [com.netflix.discovery.shared.resolver.aws.ConfigClusterResolver : 43] - Resolving eureka endpoints via configuration
[2025-05-22 T 19:55:10.010 Z] [AsyncResolver-bootstrap-executor-0] INFO  [com.netflix.discovery.shared.resolver.aws.ConfigClusterResolver : 43] - Resolving eureka endpoints via configuration
[2025-05-22 T 20:00:10.010 Z] [AsyncResolver-bootstrap-executor-0] INFO  [com.netflix.discovery.shared.resolver.aws.ConfigClusterResolver : 43] - Resolving eureka endpoints via configuration
[2025-05-22 T 20:05:10.010 Z] [AsyncResolver-bootstrap-executor-0] INFO  [com.netflix.discovery.shared.resolver.aws.ConfigClusterResolver : 43] - Resolving eureka endpoints via configuration
[2025-05-22 T 20:10:10.010 Z] [AsyncResolver-bootstrap-executor-0] INFO  [com.netflix.discovery.shared.resolver.aws.ConfigClusterResolver : 43] - Resolving eureka endpoints via configuration
[2025-05-22 T 20:15:10.010 Z] [AsyncResolver-bootstrap-executor-0] INFO  [com.netflix.discovery.shared.resolver.aws.ConfigClusterResolver : 43] - Resolving eureka endpoints via configuration
[2025-05-22 T 20:20:10.010 Z] [AsyncResolver-bootstrap-executor-0] INFO  [com.netflix.discovery.shared.resolver.aws.ConfigClusterResolver : 43] - Resolving eureka endpoints via configuration
[2025-05-22 T 20:25:10.010 Z] [AsyncResolver-bootstrap-executor-0] INFO  [com.netflix.discovery.shared.resolver.aws.ConfigClusterResolver : 43] - Resolving eureka endpoints via configuration
[2025-05-22 T 20:30:11.011 Z] [AsyncResolver-bootstrap-executor-0] INFO  [com.netflix.discovery.shared.resolver.aws.ConfigClusterResolver : 43] - Resolving eureka endpoints via configuration
[2025-05-22 T 20:32:11.011 Z] [scheduling-1] INFO  [com.bpwealth.centralizedlogger.service.StoxboxAILoggerService : 66] - 
{"service":"STOXBOXAI_SERVER","statuscode":0,"accesstoken":"","authenticationtoken":"","inputdata":"{\"inputKeyword\":\"stoxboxstoxcalls\",\"taskName\":\"stoxboxstoxcalls\"}","timetaken":0,"ucc-mobile":"EMP209|7738412706"}
[2025-05-22 T 20:33:11.011 Z] [scheduling-1] INFO  [com.bpwealth.centralizedlogger.service.StoxboxAILoggerService : 60] - 
{"service":"STOXBOXAI_SERVER","statuscode":0,"accesstoken":"","authenticationtoken":"","inputdata":"{\"inputKeyword\":\"stxcallsshort\",\"taskName\":\"\"}","timetaken":0,"ucc-mobile":"EMP209|7738412706"}
{"service":"STOXBOXAI_SERVER","statuscode":-49999,"accesstoken":"","authenticationtoken":"","inputdata":"{\"inputKeyword\":\"latestshortcall\",\"taskName\":\"latestshort\"}","timetaken":0,"ucc-mobile":"EMP209|7738412706"}
[2025-05-22 T 20:35:11.011 Z] [AsyncResolver-bootstrap-executor-0] INFO  [com.netflix.discovery.shared.resolver.aws.ConfigClusterResolver : 43] - Resolving eureka endpoints via configuration
[2025-05-22 T 20:40:11.011 Z] [AsyncResolver-bootstrap-executor-0] INFO  [com.netflix.discovery.shared.resolver.aws.ConfigClusterResolver : 43] - Resolving eureka endpoints via configuration
[2025-05-22 T 20:45:11.011 Z] [AsyncResolver-bootstrap-executor-0] INFO  [com.netflix.discovery.shared.resolver.aws.ConfigClusterResolver : 43] - Resolving eureka endpoints via configuration
[2025-05-22 T 20:50:11.011 Z] [AsyncResolver-bootstrap-executor-0] INFO  [com.netflix.discovery.shared.resolver.aws.ConfigClusterResolver : 43] - Resolving eureka endpoints via configuration
[2025-05-22 T 20:55:11.011 Z] [AsyncResolver-bootstrap-executor-0] INFO  [com.netflix.discovery.shared.resolver.aws.ConfigClusterResolver : 43] - Resolving eureka endpoints via configuration
[2025-05-22 T 21:00:11.011 Z] [AsyncResolver-bootstrap-executor-0] INFO  [com.netflix.discovery.shared.resolver.aws.ConfigClusterResolver : 43] - Resolving eureka endpoints via configuration
[2025-05-22 T 21:05:11.011 Z] [AsyncResolver-bootstrap-executor-0] INFO  [com.netflix.discovery.shared.resolver.aws.ConfigClusterResolver : 43] - Resolving eureka endpoints via configuration
[2025-05-22 T 21:10:11.011 Z] [AsyncResolver-bootstrap-executor-0] INFO  [com.netflix.discovery.shared.resolver.aws.ConfigClusterResolver : 43] - Resolving eureka endpoints via configuration
[2025-05-22 T 21:15:11.011 Z] [AsyncResolver-bootstrap-executor-0] INFO  [com.netflix.discovery.shared.resolver.aws.ConfigClusterResolver : 43] - Resolving eureka endpoints via configuration
[2025-05-22 T 21:20:11.011 Z] [AsyncResolver-bootstrap-executor-0] INFO  [com.netflix.discovery.shared.resolver.aws.ConfigClusterResolver : 43] - Resolving eureka endpoints via configuration
[2025-05-22 T 21:25:11.011 Z] [AsyncResolver-bootstrap-executor-0] INFO  [com.netflix.discovery.shared.resolver.aws.ConfigClusterResolver : 43] - Resolving eureka endpoints via configuration
[2025-05-22 T 21:30:11.011 Z] [AsyncResolver-bootstrap-executor-0] INFO  [com.netflix.discovery.shared.resolver.aws.ConfigClusterResolver : 43] - Resolving eureka endpoints via configuration
[2025-05-22 T 21:35:11.011 Z] [AsyncResolver-bootstrap-executor-0] INFO  [com.netflix.discovery.shared.resolver.aws.ConfigClusterResolver : 43] - Resolving eureka endpoints via configuration
[2025-05-22 T 21:40:11.011 Z] [AsyncResolver-bootstrap-executor-0] INFO  [com.netflix.discovery.shared.resolver.aws.ConfigClusterResolver : 43] - Resolving eureka endpoints via configuration
[2025-05-22 T 21:45:11.011 Z] [AsyncResolver-bootstrap-executor-0] INFO  [com.netflix.discovery.shared.resolver.aws.ConfigClusterResolver : 43] - Resolving eureka endpoints via configuration
[2025-05-22 T 21:50:11.011 Z] [AsyncResolver-bootstrap-executor-0] INFO  [com.netflix.discovery.shared.resolver.aws.ConfigClusterResolver : 43] - Resolving eureka endpoints via configuration
[2025-05-22 T 21:55:11.011 Z] [AsyncResolver-bootstrap-executor-0] INFO  [com.netflix.discovery.shared.resolver.aws.ConfigClusterResolver : 43] - Resolving eureka endpoints via configuration
[2025-05-22 T 22:00:11.011 Z] [AsyncResolver-bootstrap-executor-0] INFO  [com.netflix.discovery.shared.resolver.aws.ConfigClusterResolver : 43] - Resolving eureka endpoints via configuration
[2025-05-22 T 22:05:11.011 Z] [AsyncResolver-bootstrap-executor-0] INFO  [com.netflix.discovery.shared.resolver.aws.ConfigClusterResolver : 43] - Resolving eureka endpoints via configuration
[2025-05-22 T 22:10:11.011 Z] [AsyncResolver-bootstrap-executor-0] INFO  [com.netflix.discovery.shared.resolver.aws.ConfigClusterResolver : 43] - Resolving eureka endpoints via configuration
[2025-05-22 T 22:15:11.011 Z] [AsyncResolver-bootstrap-executor-0] INFO  [com.netflix.discovery.shared.resolver.aws.ConfigClusterResolver : 43] - Resolving eureka endpoints via configuration
[2025-05-22 T 22:20:11.011 Z] [AsyncResolver-bootstrap-executor-0] INFO  [com.netflix.discovery.shared.resolver.aws.ConfigClusterResolver : 43] - Resolving eureka endpoints via configuration
[2025-05-22 T 22:25:11.011 Z] [AsyncResolver-bootstrap-executor-0] INFO  [com.netflix.discovery.shared.resolver.aws.ConfigClusterResolver : 43] - Resolving eureka endpoints via configuration
[2025-05-22 T 22:30:11.011 Z] [AsyncResolver-bootstrap-executor-0] INFO  [com.netflix.discovery.shared.resolver.aws.ConfigClusterResolver : 43] - Resolving eureka endpoints via configuration
[2025-05-22 T 22:35:11.011 Z] [AsyncResolver-bootstrap-executor-0] INFO  [com.netflix.discovery.shared.resolver.aws.ConfigClusterResolver : 43] - Resolving eureka endpoints via configuration
[2025-05-22 T 22:40:11.011 Z] [AsyncResolver-bootstrap-executor-0] INFO  [com.netflix.discovery.shared.resolver.aws.ConfigClusterResolver : 43] - Resolving eureka endpoints via configuration
[2025-05-22 T 22:45:11.011 Z] [AsyncResolver-bootstrap-executor-0] INFO  [com.netflix.discovery.shared.resolver.aws.ConfigClusterResolver : 43] - Resolving eureka endpoints via configuration
[2025-05-22 T 22:50:11.011 Z] [AsyncResolver-bootstrap-executor-0] INFO  [com.netflix.discovery.shared.resolver.aws.ConfigClusterResolver : 43] - Resolving eureka endpoints via configuration
[2025-05-22 T 22:55:11.011 Z] [AsyncResolver-bootstrap-executor-0] INFO  [com.netflix.discovery.shared.resolver.aws.ConfigClusterResolver : 43] - Resolving eureka endpoints via configuration
[2025-05-22 T 23:00:11.011 Z] [AsyncResolver-bootstrap-executor-0] INFO  [com.netflix.discovery.shared.resolver.aws.ConfigClusterResolver : 43] - Resolving eureka endpoints via configuration
[2025-05-22 T 23:05:11.011 Z] [AsyncResolver-bootstrap-executor-0] INFO  [com.netflix.discovery.shared.resolver.aws.ConfigClusterResolver : 43] - Resolving eureka endpoints via configuration
[2025-05-22 T 23:10:11.011 Z] [AsyncResolver-bootstrap-executor-0] INFO  [com.netflix.discovery.shared.resolver.aws.ConfigClusterResolver : 43] - Resolving eureka endpoints via configuration
[2025-05-22 T 23:15:11.011 Z] [AsyncResolver-bootstrap-executor-0] INFO  [com.netflix.discovery.shared.resolver.aws.ConfigClusterResolver : 43] - Resolving eureka endpoints via configuration
[2025-05-22 T 23:20:11.011 Z] [AsyncResolver-bootstrap-executor-0] INFO  [com.netflix.discovery.shared.resolver.aws.ConfigClusterResolver : 43] - Resolving eureka endpoints via configuration
[2025-05-22 T 23:25:11.011 Z] [AsyncResolver-bootstrap-executor-0] INFO  [com.netflix.discovery.shared.resolver.aws.ConfigClusterResolver : 43] - Resolving eureka endpoints via configuration
[2025-05-22 T 23:30:11.011 Z] [AsyncResolver-bootstrap-executor-0] INFO  [com.netflix.discovery.shared.resolver.aws.ConfigClusterResolver : 43] - Resolving eureka endpoints via configuration
[2025-05-22 T 23:35:11.011 Z] [AsyncResolver-bootstrap-executor-0] INFO  [com.netflix.discovery.shared.resolver.aws.ConfigClusterResolver : 43] - Resolving eureka endpoints via configuration
[2025-05-22 T 23:40:11.011 Z] [AsyncResolver-bootstrap-executor-0] INFO  [com.netflix.discovery.shared.resolver.aws.ConfigClusterResolver : 43] - Resolving eureka endpoints via configuration
[2025-05-22 T 23:45:11.011 Z] [AsyncResolver-bootstrap-executor-0] INFO  [com.netflix.discovery.shared.resolver.aws.ConfigClusterResolver : 43] - Resolving eureka endpoints via configuration
[2025-05-22 T 23:50:11.011 Z] [AsyncResolver-bootstrap-executor-0] INFO  [com.netflix.discovery.shared.resolver.aws.ConfigClusterResolver : 43] - Resolving eureka endpoints via configuration
[2025-05-22 T 23:55:11.011 Z] [AsyncResolver-bootstrap-executor-0] INFO  [com.netflix.discovery.shared.resolver.aws.ConfigClusterResolver : 43] - Resolving eureka endpoints via configuration
